<?xml version="1.0" encoding="UTF-8"?>
<!-- Generated by org.testng.reporters.JUnitReportReporter -->
<testsuite hostname="DESKTOP-BHD5INT" failures="0" tests="4" name="testcases.SPLoginTest" time="68.768" errors="0" timestamp="2023-10-23T11:18:27 CEST" skipped="0">
  <testcase classname="testcases.SPLoginTest" name="LoginwithValidCredentials" time="18.299"/>
  <testcase classname="testcases.SPLoginTest" name="LoginwithInValidPassword" time="16.946"/>
  <testcase classname="testcases.SPLoginTest" name="LoginwithInValidEMail" time="16.341"/>
  <testcase classname="testcases.SPLoginTest" name="LoginwithInValidCredentials" time="17.182"/>
</testsuite> <!-- testcases.SPLoginTest -->
